[0m22:19:43.179295 [debug] [MainThread]: Sending event: {'category': 'dbt', 'action': 'invocation', 'label': 'start', 'context': [<snowplow_tracker.self_describing_json.SelfDescribingJson object at 0x793959914310>, <snowplow_tracker.self_describing_json.SelfDescribingJson object at 0x793958a99240>, <snowplow_tracker.self_describing_json.SelfDescribingJson object at 0x793958a991b0>]}


============================== 22:19:43.186524 | f6a5794d-b3be-425a-8bfe-1aee4d8d73c1 ==============================
[0m22:19:43.186524 [info ] [MainThread]: Running with dbt=1.9.6
[0m22:19:43.187679 [debug] [MainThread]: running dbt with arguments {'printer_width': '80', 'indirect_selection': 'eager', 'write_json': 'True', 'log_cache_events': 'False', 'partial_parse': 'True', 'cache_selected_only': 'False', 'warn_error': 'None', 'version_check': 'True', 'profiles_dir': '/home/joseph/.dbt', 'log_path': 'logs', 'debug': 'False', 'fail_fast': 'False', 'use_colors': 'True', 'use_experimental_parser': 'False', 'no_print': 'None', 'quiet': 'False', 'empty': 'None', 'warn_error_options': 'WarnErrorOptions(include=[], exclude=[])', 'static_parser': 'True', 'introspect': 'True', 'log_format': 'default', 'target_path': 'None', 'invocation_command': 'dbt init resale_flat', 'send_anonymous_usage_stats': 'True'}
[0m22:19:43.222224 [debug] [MainThread]: Starter project path: /home/joseph/miniconda3/envs/elt/lib/python3.10/site-packages/dbt/include/starter_project
[0m22:19:43.244223 [info ] [MainThread]: 
Your new dbt project "resale_flat" was created!

For more information on how to configure the profiles.yml file,
please consult the dbt documentation here:

  https://docs.getdbt.com/docs/configure-your-profile

One more thing:

Need help? Don't hesitate to reach out to us via GitHub issues or on Slack:

  https://community.getdbt.com/

Happy modeling!

[0m22:19:43.245230 [info ] [MainThread]: Setting up your profile.
[0m22:21:47.617305 [info ] [MainThread]: Profile resale_flat written to /home/joseph/.dbt/profiles.yml using target's profile_template.yml and your supplied values. Run 'dbt debug' to validate the connection.
[0m22:21:47.621608 [debug] [MainThread]: Resource report: {"command_name": "init", "command_success": true, "command_wall_clock_time": 127.77262, "process_in_blocks": "182216", "process_kernel_time": 1.421332, "process_mem_max_rss": "214176", "process_out_blocks": "88", "process_user_time": 7.518017}
[0m22:21:47.623719 [debug] [MainThread]: Command `dbt init` succeeded at 22:21:47.623497 after 127.78 seconds
[0m22:21:47.625305 [debug] [MainThread]: Sending event: {'category': 'dbt', 'action': 'invocation', 'label': 'end', 'context': [<snowplow_tracker.self_describing_json.SelfDescribingJson object at 0x793959914310>, <snowplow_tracker.self_describing_json.SelfDescribingJson object at 0x7938c6bcd6c0>, <snowplow_tracker.self_describing_json.SelfDescribingJson object at 0x7938c6bcd600>]}
[0m22:21:47.627852 [debug] [MainThread]: Flushing usage events
[0m22:21:48.897081 [debug] [MainThread]: An error was encountered while trying to flush usage events
